<?xml version="1.0" encoding="UTF-8"?>
<!-- Generated by org.testng.reporters.JUnitReportReporter -->
<testsuite hostname="DESKTOP-GO17BHH" failures="0" tests="5" name="com.roma.qa.tastcases.LoginPageTest" time="30.202" errors="0" timestamp="11 Jul 2021 22:35:53 GMT" skipped="0">
  <testcase classname="com.roma.qa.tastcases.LoginPageTest" name="crmLogoImageTest" time="5.088"/>
  <testcase classname="com.roma.qa.tastcases.LoginPageTest" name="loginBtnMain" time="4.988"/>
  <testcase classname="com.roma.qa.tastcases.LoginPageTest" name="loginPageTitleTest" time="4.998"/>
  <testcase classname="com.roma.qa.tastcases.LoginPageTest" name="fogotPasswordIsDisplayed" time="6.876"/>
  <testcase classname="com.roma.qa.tastcases.LoginPageTest" name="loginTest" time="8.252"/>
</testsuite> <!-- com.roma.qa.tastcases.LoginPageTest -->
