<?xml version="1.0" encoding="UTF-8"?>
<!-- Generated by org.testng.reporters.JUnitReportReporter -->
<testsuite hostname="DESKTOP-GO17BHH" failures="0" tests="3" name="com.roma.qa.tastcases.HomePageTest" time="20.767" errors="0" timestamp="05 Jul 2021 18:03:23 GMT" skipped="0">
  <testcase classname="com.roma.qa.tastcases.HomePageTest" name="verifyHomePageTitleTest" time="6.775"/>
  <testcase classname="com.roma.qa.tastcases.HomePageTest" name="verifyUseNameTest" time="7.019"/>
  <testcase classname="com.roma.qa.tastcases.HomePageTest" name="verifyContactsLink" time="6.973"/>
</testsuite> <!-- com.roma.qa.tastcases.HomePageTest -->
