<?xml version="1.0" encoding="UTF-8"?>
<!-- Generated by org.testng.reporters.JUnitReportReporter -->
<testsuite hostname="DESKTOP-GO17BHH" failures="0" tests="1" name="com.roma.qa.tastcases.HomePageTest" time="10.918" errors="0" timestamp="12 Jul 2021 05:39:51 GMT" skipped="0">
  <testcase classname="com.roma.qa.tastcases.HomePageTest" name="clickOnCreateNewContactButton" time="10.918"/>
</testsuite> <!-- com.roma.qa.tastcases.HomePageTest -->
